Using pre-set license

 COMMAND LINE ARGUMENTS:
/Applications/Unity/Unity.app/Contents/MacOS/Unity
-adb2
-batchMode
-noUpm
-name
AssetImportWorker0
-projectPath
/Users/cslab-mbp-one/Desktop/CART_315_Prototype_3
-logFile
Logs/AssetImportWorker0.log
-srvPort
50613
Successfully changed project path to: /Users/cslab-mbp-one/Desktop/CART_315_Prototype_3
/Users/cslab-mbp-one/Desktop/CART_315_Prototype_3
Using Asset Import Pipeline V2.
Refreshing native plugins compatible for Editor in 49.66 ms, found 1 plugins.
Preloading 0 native plugins for Editor in 0.00 ms.
Initialize engine version: 2020.2.1f1 (270dd8c3da1c)
[Subsystems] Discovering subsystems at path /Applications/Unity/Unity.app/Contents/Resources/UnitySubsystems
[Subsystems] Discovering subsystems at path /Users/cslab-mbp-one/Desktop/CART_315_Prototype_3/Assets
GfxDevice: creating device client; threaded=0
2021-03-07 15:30:59.190 Unity[4772:63576] Color LCD preferred device: Intel Iris Pro Graphics (low power)
2021-03-07 15:30:59.190 Unity[4772:63576] Metal devices available: 1
2021-03-07 15:30:59.190 Unity[4772:63576] 0: Intel Iris Pro Graphics (low power)
2021-03-07 15:30:59.191 Unity[4772:63576] Using device Intel Iris Pro Graphics (low power)
Initializing Metal device caps: Intel Iris Pro Graphics
Initialize mono
Mono path[0] = '/Applications/Unity/Unity.app/Contents/Managed'
Mono path[1] = '/Applications/Unity/Unity.app/Contents/MonoBleedingEdge/lib/mono/unityjit'
Mono config path = '/Applications/Unity/Unity.app/Contents/MonoBleedingEdge/etc'
Using monoOptions --debugger-agent=transport=dt_socket,embedding=1,server=y,suspend=n,address=127.0.0.1:56772
Begin MonoManager ReloadAssembly
Registering precompiled unity dll's ...
Register platform support module: /Applications/Unity/Unity.app/Contents/PlaybackEngines/MacStandaloneSupport/UnityEditor.OSXStandalone.Extensions.dll
Registered in 0.000545 seconds.
Native extension for OSXStandalone target not found
Refreshing native plugins compatible for Editor in 47.19 ms, found 1 plugins.
Preloading 0 native plugins for Editor in 0.00 ms.
Invoked RoslynAnalysisRunner static constructor.
RoslynAnalysisRunner will not be running.
RoslynAnalysisRunner has terminated.
Mono: successfully reloaded assembly
- Completed reload, in  1.717 seconds
Platform modules already initialized, skipping
Registering precompiled user dll's ...
Registered in 0.000571 seconds.
Begin MonoManager ReloadAssembly
Native extension for OSXStandalone target not found
Refreshing native plugins compatible for Editor in 0.51 ms, found 1 plugins.
Preloading 0 native plugins for Editor in 0.00 ms.
Invoked RoslynAnalysisRunner static constructor.
RoslynAnalysisRunner will not be running.
RoslynAnalysisRunner has terminated.
Mono: successfully reloaded assembly
- Completed reload, in  1.336 seconds
Platform modules already initialized, skipping
========================================================================
Worker process is ready to serve import requests
Launching external process: /Applications/Unity/Unity.app/Contents/Tools/UnityShaderCompiler
Launched and connected shader compiler UnityShaderCompiler after 0.02 seconds
Refreshing native plugins compatible for Editor in 0.44 ms, found 1 plugins.
Preloading 0 native plugins for Editor in 0.00 ms.
Unloading 1627 Unused Serialized files (Serialized files now loaded: 0)
System memory in use before: 142.6 MB.
System memory in use after: 142.1 MB.

Unloading 76 unused Assets to reduce memory usage. Loaded Objects now: 2064.
Total: 4.149824 ms (FindLiveObjects: 0.438277 ms CreateObjectMapping: 0.149581 ms MarkObjects: 2.792977 ms  DeleteObjects: 0.767213 ms)

========================================================================
Received Import Request.
  path: Assets/SampleScenes
  artifactKey: Guid(3d8829ac873af27488b1412b8db301ab) Importer(815301076,1909f56bfc062723c751e8b465ee728b)
Start importing Assets/SampleScenes using Guid(3d8829ac873af27488b1412b8db301ab) Importer(815301076,1909f56bfc062723c751e8b465ee728b)  -> (artifact id: '3008cf28a481223fc75d0e2e85e48b4a') in 0.005446 seconds
  Import took 0.010268 seconds .

========================================================================
Received Prepare
Registering precompiled user dll's ...
Registered in 0.000584 seconds.
Begin MonoManager ReloadAssembly
Native extension for OSXStandalone target not found
Refreshing native plugins compatible for Editor in 0.41 ms, found 1 plugins.
Preloading 0 native plugins for Editor in 0.00 ms.
Warning: Annotation not found!
UnityEngine.StackTraceUtility:ExtractStackTrace () (at /Users/bokken/buildslave/unity/build/Runtime/Export/Scripting/StackTrace.cs:37)
UnityEditor.ProBuilder.EditorUtility:SetGizmoIconEnabled (System.Type,bool) (at Library/PackageCache/com.unity.probuilder@4.4.0/Editor/EditorCore/EditorUtility.cs:593)
UnityEditor.ProBuilder.HierarchyListener:.cctor () (at Library/PackageCache/com.unity.probuilder@4.4.0/Editor/EditorCore/HierarchyListener.cs:21)
System.Runtime.CompilerServices.RuntimeHelpers:RunClassConstructor (System.RuntimeTypeHandle)
UnityEditor.EditorAssemblies:ProcessInitializeOnLoadAttributes (System.Type[]) (at /Users/bokken/buildslave/unity/build/Editor/Mono/EditorAssemblies.cs:114)

[Library/PackageCache/com.unity.probuilder@4.4.0/Editor/EditorCore/EditorUtility.cs line 593]

Invoked RoslynAnalysisRunner static constructor.
RoslynAnalysisRunner will not be running.
RoslynAnalysisRunner has terminated.
Mono: successfully reloaded assembly
- Completed reload, in  1.087 seconds
Platform modules already initialized, skipping
Refreshing native plugins compatible for Editor in 0.49 ms, found 1 plugins.
Preloading 0 native plugins for Editor in 0.00 ms.
Unloading 1579 Unused Serialized files (Serialized files now loaded: 0)
System memory in use before: 140.3 MB.
System memory in use after: 139.9 MB.

Unloading 10 unused Assets to reduce memory usage. Loaded Objects now: 2068.
Total: 6.530601 ms (FindLiveObjects: 0.391427 ms CreateObjectMapping: 0.321157 ms MarkObjects: 4.983446 ms  DeleteObjects: 0.833167 ms)

========================================================================
Received Import Request.
  Time since last request: 24.649158 seconds.
  path: Assets/Damian Gonzalez
  artifactKey: Guid(eaab6c44e04424dcd9bec1075d4bf454) Importer(815301076,1909f56bfc062723c751e8b465ee728b)
Start importing Assets/Damian Gonzalez using Guid(eaab6c44e04424dcd9bec1075d4bf454) Importer(815301076,1909f56bfc062723c751e8b465ee728b)  -> (artifact id: 'b37be6cb1ab68bbf0e2950fe071a565d') in 0.004972 seconds
  Import took 0.008747 seconds .

========================================================================
Received Import Request.
  Time since last request: 0.836963 seconds.
  path: Assets/Damian Gonzalez/dg_simpleCamFollow
  artifactKey: Guid(d5440661576388046b5fbcf202d31521) Importer(815301076,1909f56bfc062723c751e8b465ee728b)
Start importing Assets/Damian Gonzalez/dg_simpleCamFollow using Guid(d5440661576388046b5fbcf202d31521) Importer(815301076,1909f56bfc062723c751e8b465ee728b)  -> (artifact id: '7d2de07ba2033dd108b5d4eace8c202b') in 0.001520 seconds
  Import took 0.004890 seconds .

========================================================================
Received Import Request.
  Time since last request: 0.000870 seconds.
  path: Assets/Damian Gonzalez/dg_simpleCamFollow
  artifactKey: Guid(d5440661576388046b5fbcf202d31521) Importer(815301076,1909f56bfc062723c751e8b465ee728b)
Start importing Assets/Damian Gonzalez/dg_simpleCamFollow using Guid(d5440661576388046b5fbcf202d31521) Importer(815301076,1909f56bfc062723c751e8b465ee728b)  -> (artifact id: '7d2de07ba2033dd108b5d4eace8c202b') in 0.000792 seconds
  Import took 0.003501 seconds .

========================================================================
Received Import Request.
  Time since last request: 1.701688 seconds.
  path: Assets/Damian Gonzalez/dg_simpleCamFollow/Documentation.txt
  artifactKey: Guid(85e86394f8712eb4781e00a437ce334b) Importer(815301076,1909f56bfc062723c751e8b465ee728b)
Start importing Assets/Damian Gonzalez/dg_simpleCamFollow/Documentation.txt using Guid(85e86394f8712eb4781e00a437ce334b) Importer(815301076,1909f56bfc062723c751e8b465ee728b)  -> (artifact id: '8c65cfff4717f5da92fa8248469b6ec0') in 0.045439 seconds
  Import took 0.048908 seconds .

========================================================================
Received Import Request.
  Time since last request: 0.608670 seconds.
  path: Assets/Damian Gonzalez/dg_simpleCamFollow/Documentation.txt
  artifactKey: Guid(85e86394f8712eb4781e00a437ce334b) Importer(815301076,1909f56bfc062723c751e8b465ee728b)
Start importing Assets/Damian Gonzalez/dg_simpleCamFollow/Documentation.txt using Guid(85e86394f8712eb4781e00a437ce334b) Importer(815301076,1909f56bfc062723c751e8b465ee728b)  -> (artifact id: '8c65cfff4717f5da92fa8248469b6ec0') in 0.004769 seconds
  Import took 0.008056 seconds .

========================================================================
Received Import Request.
  Time since last request: 97.215323 seconds.
  path: Assets/Damian Gonzalez/dg_simpleCamFollow/Prefabs
  artifactKey: Guid(af9bc9bab4a1f0f4c87d3fc0992e9807) Importer(815301076,1909f56bfc062723c751e8b465ee728b)
Start importing Assets/Damian Gonzalez/dg_simpleCamFollow/Prefabs using Guid(af9bc9bab4a1f0f4c87d3fc0992e9807) Importer(815301076,1909f56bfc062723c751e8b465ee728b)  -> (artifact id: '01092180a047a43fc96901ac5249c509') in 0.001822 seconds
  Import took 0.005818 seconds .

========================================================================
Received Import Request.
  Time since last request: 0.909994 seconds.
  path: Assets/Damian Gonzalez/dg_simpleCamFollow/Prefabs/Camera with SimpleCamFollw.prefab
  artifactKey: Guid(7bc5ba508c9a34942a8f924c256db154) Importer(815301076,1909f56bfc062723c751e8b465ee728b)
Start importing Assets/Damian Gonzalez/dg_simpleCamFollow/Prefabs/Camera with SimpleCamFollw.prefab using Guid(7bc5ba508c9a34942a8f924c256db154) Importer(815301076,1909f56bfc062723c751e8b465ee728b)  -> (artifact id: '7b338297d5b3a2f1d3efb420a322e04e') in 0.054347 seconds
  Import took 0.058155 seconds .

========================================================================
Received Prepare
Registering precompiled user dll's ...
Registered in 0.000507 seconds.
Begin MonoManager ReloadAssembly
Native extension for OSXStandalone target not found
Refreshing native plugins compatible for Editor in 0.40 ms, found 1 plugins.
Preloading 0 native plugins for Editor in 0.00 ms.
Warning: Annotation not found!
UnityEngine.StackTraceUtility:ExtractStackTrace () (at /Users/bokken/buildslave/unity/build/Runtime/Export/Scripting/StackTrace.cs:37)
UnityEditor.ProBuilder.EditorUtility:SetGizmoIconEnabled (System.Type,bool) (at Library/PackageCache/com.unity.probuilder@4.4.0/Editor/EditorCore/EditorUtility.cs:593)
UnityEditor.ProBuilder.HierarchyListener:.cctor () (at Library/PackageCache/com.unity.probuilder@4.4.0/Editor/EditorCore/HierarchyListener.cs:21)
System.Runtime.CompilerServices.RuntimeHelpers:RunClassConstructor (System.RuntimeTypeHandle)
UnityEditor.EditorAssemblies:ProcessInitializeOnLoadAttributes (System.Type[]) (at /Users/bokken/buildslave/unity/build/Editor/Mono/EditorAssemblies.cs:114)

[Library/PackageCache/com.unity.probuilder@4.4.0/Editor/EditorCore/EditorUtility.cs line 593]

Invoked RoslynAnalysisRunner static constructor.
RoslynAnalysisRunner will not be running.
RoslynAnalysisRunner has terminated.
Mono: successfully reloaded assembly
- Completed reload, in  1.052 seconds
Platform modules already initialized, skipping
Refreshing native plugins compatible for Editor in 0.40 ms, found 1 plugins.
Preloading 0 native plugins for Editor in 0.00 ms.
Unloading 1579 Unused Serialized files (Serialized files now loaded: 0)
System memory in use before: 149.0 MB.
System memory in use after: 148.6 MB.

Unloading 10 unused Assets to reduce memory usage. Loaded Objects now: 2070.
Total: 3.970768 ms (FindLiveObjects: 0.323033 ms CreateObjectMapping: 0.086423 ms MarkObjects: 2.725769 ms  DeleteObjects: 0.833698 ms)

========================================================================
Received Import Request.
  Time since last request: 936.011735 seconds.
  path: Assets/Scripts/EnemyAI.cs
  artifactKey: Guid(a5a2d4672f6dd45f2ba4f702d3d878e4) Importer(815301076,1909f56bfc062723c751e8b465ee728b)
Start importing Assets/Scripts/EnemyAI.cs using Guid(a5a2d4672f6dd45f2ba4f702d3d878e4) Importer(815301076,1909f56bfc062723c751e8b465ee728b)  -> (artifact id: '45559a7f40cb0141d1e9447f488c90e6') in 0.048874 seconds
  Import took 0.053072 seconds .

========================================================================
Received Prepare
Registering precompiled user dll's ...
Registered in 0.000612 seconds.
Begin MonoManager ReloadAssembly
Native extension for OSXStandalone target not found
Refreshing native plugins compatible for Editor in 0.42 ms, found 1 plugins.
Preloading 0 native plugins for Editor in 0.00 ms.
Warning: Annotation not found!
UnityEngine.StackTraceUtility:ExtractStackTrace () (at /Users/bokken/buildslave/unity/build/Runtime/Export/Scripting/StackTrace.cs:37)
UnityEditor.ProBuilder.EditorUtility:SetGizmoIconEnabled (System.Type,bool) (at Library/PackageCache/com.unity.probuilder@4.4.0/Editor/EditorCore/EditorUtility.cs:593)
UnityEditor.ProBuilder.HierarchyListener:.cctor () (at Library/PackageCache/com.unity.probuilder@4.4.0/Editor/EditorCore/HierarchyListener.cs:21)
System.Runtime.CompilerServices.RuntimeHelpers:RunClassConstructor (System.RuntimeTypeHandle)
UnityEditor.EditorAssemblies:ProcessInitializeOnLoadAttributes (System.Type[]) (at /Users/bokken/buildslave/unity/build/Editor/Mono/EditorAssemblies.cs:114)

[Library/PackageCache/com.unity.probuilder@4.4.0/Editor/EditorCore/EditorUtility.cs line 593]

Invoked RoslynAnalysisRunner static constructor.
RoslynAnalysisRunner will not be running.
RoslynAnalysisRunner has terminated.
Mono: successfully reloaded assembly
- Completed reload, in  1.233 seconds
Platform modules already initialized, skipping
Refreshing native plugins compatible for Editor in 0.48 ms, found 1 plugins.
Preloading 0 native plugins for Editor in 0.00 ms.
Unloading 1580 Unused Serialized files (Serialized files now loaded: 0)
System memory in use before: 150.4 MB.
System memory in use after: 149.9 MB.

Unloading 10 unused Assets to reduce memory usage. Loaded Objects now: 2073.
Total: 3.941374 ms (FindLiveObjects: 0.327749 ms CreateObjectMapping: 0.132042 ms MarkObjects: 2.696977 ms  DeleteObjects: 0.782786 ms)

========================================================================
Received Import Request.
  Time since last request: 404.399796 seconds.
  path: Assets/Scripts/CameraFollow.cs
  artifactKey: Guid(1983cfae143a9479c99f7f6dbfaee0f2) Importer(815301076,1909f56bfc062723c751e8b465ee728b)
Start importing Assets/Scripts/CameraFollow.cs using Guid(1983cfae143a9479c99f7f6dbfaee0f2) Importer(815301076,1909f56bfc062723c751e8b465ee728b)  -> (artifact id: '2db7237a3f7ae8b8b9535cf921e0bfa6') in 0.007654 seconds
  Import took 0.011421 seconds .

========================================================================
Received Import Request.
  Time since last request: 9.057381 seconds.
  path: Assets/Scripts/CameraFollowsPlayer.cs
  artifactKey: Guid(1983cfae143a9479c99f7f6dbfaee0f2) Importer(815301076,1909f56bfc062723c751e8b465ee728b)
Start importing Assets/Scripts/CameraFollowsPlayer.cs using Guid(1983cfae143a9479c99f7f6dbfaee0f2) Importer(815301076,1909f56bfc062723c751e8b465ee728b)  -> (artifact id: '996d5cef832ba3b5c954f3fba1aa0722') in 0.001965 seconds
  Import took 0.005742 seconds .

========================================================================
Received Import Request.
  Time since last request: 31.060166 seconds.
  path: Assets/Scripts/CameraFollowsPlayer.cs
  artifactKey: Guid(1983cfae143a9479c99f7f6dbfaee0f2) Importer(815301076,1909f56bfc062723c751e8b465ee728b)
Start importing Assets/Scripts/CameraFollowsPlayer.cs using Guid(1983cfae143a9479c99f7f6dbfaee0f2) Importer(815301076,1909f56bfc062723c751e8b465ee728b)  -> (artifact id: '31af01ee1437961cfd2b55643131a66d') in 0.002567 seconds
  Import took 0.006692 seconds .

========================================================================
Received Prepare
Registering precompiled user dll's ...
Registered in 0.000593 seconds.
Begin MonoManager ReloadAssembly
Native extension for OSXStandalone target not found
Refreshing native plugins compatible for Editor in 0.44 ms, found 1 plugins.
Preloading 0 native plugins for Editor in 0.00 ms.
Warning: Annotation not found!
UnityEngine.StackTraceUtility:ExtractStackTrace () (at /Users/bokken/buildslave/unity/build/Runtime/Export/Scripting/StackTrace.cs:37)
UnityEditor.ProBuilder.EditorUtility:SetGizmoIconEnabled (System.Type,bool) (at Library/PackageCache/com.unity.probuilder@4.4.0/Editor/EditorCore/EditorUtility.cs:593)
UnityEditor.ProBuilder.HierarchyListener:.cctor () (at Library/PackageCache/com.unity.probuilder@4.4.0/Editor/EditorCore/HierarchyListener.cs:21)
System.Runtime.CompilerServices.RuntimeHelpers:RunClassConstructor (System.RuntimeTypeHandle)
UnityEditor.EditorAssemblies:ProcessInitializeOnLoadAttributes (System.Type[]) (at /Users/bokken/buildslave/unity/build/Editor/Mono/EditorAssemblies.cs:114)

[Library/PackageCache/com.unity.probuilder@4.4.0/Editor/EditorCore/EditorUtility.cs line 593]

Invoked RoslynAnalysisRunner static constructor.
RoslynAnalysisRunner will not be running.
RoslynAnalysisRunner has terminated.
Mono: successfully reloaded assembly
- Completed reload, in  1.127 seconds
Platform modules already initialized, skipping
Refreshing native plugins compatible for Editor in 0.41 ms, found 1 plugins.
Preloading 0 native plugins for Editor in 0.00 ms.
Unloading 1580 Unused Serialized files (Serialized files now loaded: 0)
System memory in use before: 150.6 MB.
System memory in use after: 150.1 MB.

Unloading 10 unused Assets to reduce memory usage. Loaded Objects now: 2075.
Total: 3.659111 ms (FindLiveObjects: 0.315148 ms CreateObjectMapping: 0.074038 ms MarkObjects: 2.473085 ms  DeleteObjects: 0.794664 ms)

========================================================================
Received Prepare
Registering precompiled user dll's ...
Registered in 0.000613 seconds.
Begin MonoManager ReloadAssembly
Native extension for OSXStandalone target not found
Refreshing native plugins compatible for Editor in 0.53 ms, found 1 plugins.
Preloading 0 native plugins for Editor in 0.00 ms.
Warning: Annotation not found!
UnityEngine.StackTraceUtility:ExtractStackTrace () (at /Users/bokken/buildslave/unity/build/Runtime/Export/Scripting/StackTrace.cs:37)
UnityEditor.ProBuilder.EditorUtility:SetGizmoIconEnabled (System.Type,bool) (at Library/PackageCache/com.unity.probuilder@4.4.0/Editor/EditorCore/EditorUtility.cs:593)
UnityEditor.ProBuilder.HierarchyListener:.cctor () (at Library/PackageCache/com.unity.probuilder@4.4.0/Editor/EditorCore/HierarchyListener.cs:21)
System.Runtime.CompilerServices.RuntimeHelpers:RunClassConstructor (System.RuntimeTypeHandle)
UnityEditor.EditorAssemblies:ProcessInitializeOnLoadAttributes (System.Type[]) (at /Users/bokken/buildslave/unity/build/Editor/Mono/EditorAssemblies.cs:114)

[Library/PackageCache/com.unity.probuilder@4.4.0/Editor/EditorCore/EditorUtility.cs line 593]

Invoked RoslynAnalysisRunner static constructor.
RoslynAnalysisRunner will not be running.
RoslynAnalysisRunner has terminated.
Mono: successfully reloaded assembly
- Completed reload, in  1.104 seconds
Platform modules already initialized, skipping
Refreshing native plugins compatible for Editor in 0.41 ms, found 1 plugins.
Preloading 0 native plugins for Editor in 0.00 ms.
Unloading 1578 Unused Serialized files (Serialized files now loaded: 0)
System memory in use before: 150.7 MB.
System memory in use after: 150.3 MB.

Unloading 12 unused Assets to reduce memory usage. Loaded Objects now: 2075.
Total: 3.343437 ms (FindLiveObjects: 0.229702 ms CreateObjectMapping: 0.068161 ms MarkObjects: 2.277754 ms  DeleteObjects: 0.764716 ms)

========================================================================
Received Import Request.
  Time since last request: 2032.289276 seconds.
  path: Assets/Scripts/EnemyAI.cs
  artifactKey: Guid(a5a2d4672f6dd45f2ba4f702d3d878e4) Importer(815301076,1909f56bfc062723c751e8b465ee728b)
Start importing Assets/Scripts/EnemyAI.cs using Guid(a5a2d4672f6dd45f2ba4f702d3d878e4) Importer(815301076,1909f56bfc062723c751e8b465ee728b)  -> (artifact id: '42bf82ef96ad033b8a145a046f16678d') in 0.006211 seconds
  Import took 0.010878 seconds .

========================================================================
Received Prepare
Registering precompiled user dll's ...
Registered in 0.000515 seconds.
Begin MonoManager ReloadAssembly
Native extension for OSXStandalone target not found
Refreshing native plugins compatible for Editor in 0.42 ms, found 1 plugins.
Preloading 0 native plugins for Editor in 0.00 ms.
Warning: Annotation not found!
UnityEngine.StackTraceUtility:ExtractStackTrace () (at /Users/bokken/buildslave/unity/build/Runtime/Export/Scripting/StackTrace.cs:37)
UnityEditor.ProBuilder.EditorUtility:SetGizmoIconEnabled (System.Type,bool) (at Library/PackageCache/com.unity.probuilder@4.4.0/Editor/EditorCore/EditorUtility.cs:593)
UnityEditor.ProBuilder.HierarchyListener:.cctor () (at Library/PackageCache/com.unity.probuilder@4.4.0/Editor/EditorCore/HierarchyListener.cs:21)
System.Runtime.CompilerServices.RuntimeHelpers:RunClassConstructor (System.RuntimeTypeHandle)
UnityEditor.EditorAssemblies:ProcessInitializeOnLoadAttributes (System.Type[]) (at /Users/bokken/buildslave/unity/build/Editor/Mono/EditorAssemblies.cs:114)

[Library/PackageCache/com.unity.probuilder@4.4.0/Editor/EditorCore/EditorUtility.cs line 593]

Invoked RoslynAnalysisRunner static constructor.
RoslynAnalysisRunner will not be running.
RoslynAnalysisRunner has terminated.
Mono: successfully reloaded assembly
- Completed reload, in  1.171 seconds
Platform modules already initialized, skipping
Refreshing native plugins compatible for Editor in 0.44 ms, found 1 plugins.
Preloading 0 native plugins for Editor in 0.00 ms.
Unloading 1578 Unused Serialized files (Serialized files now loaded: 0)
System memory in use before: 151.0 MB.
System memory in use after: 150.5 MB.

Unloading 10 unused Assets to reduce memory usage. Loaded Objects now: 2077.
Total: 3.869281 ms (FindLiveObjects: 0.299195 ms CreateObjectMapping: 0.111305 ms MarkObjects: 2.712069 ms  DeleteObjects: 0.745386 ms)

========================================================================
Received Import Request.
  Time since last request: 90.851196 seconds.
  path: Assets/Scripts/EnemyAI.cs
  artifactKey: Guid(a5a2d4672f6dd45f2ba4f702d3d878e4) Importer(815301076,1909f56bfc062723c751e8b465ee728b)
Start importing Assets/Scripts/EnemyAI.cs using Guid(a5a2d4672f6dd45f2ba4f702d3d878e4) Importer(815301076,1909f56bfc062723c751e8b465ee728b)  -> (artifact id: '4e8a52f97f5c9d4b5ce2c0847a55b385') in 0.007269 seconds
  Import took 0.011139 seconds .

========================================================================
Received Prepare
Registering precompiled user dll's ...
Registered in 0.000618 seconds.
Begin MonoManager ReloadAssembly
Native extension for OSXStandalone target not found
Refreshing native plugins compatible for Editor in 0.41 ms, found 1 plugins.
Preloading 0 native plugins for Editor in 0.00 ms.
Warning: Annotation not found!
UnityEngine.StackTraceUtility:ExtractStackTrace () (at /Users/bokken/buildslave/unity/build/Runtime/Export/Scripting/StackTrace.cs:37)
UnityEditor.ProBuilder.EditorUtility:SetGizmoIconEnabled (System.Type,bool) (at Library/PackageCache/com.unity.probuilder@4.4.0/Editor/EditorCore/EditorUtility.cs:593)
UnityEditor.ProBuilder.HierarchyListener:.cctor () (at Library/PackageCache/com.unity.probuilder@4.4.0/Editor/EditorCore/HierarchyListener.cs:21)
System.Runtime.CompilerServices.RuntimeHelpers:RunClassConstructor (System.RuntimeTypeHandle)
UnityEditor.EditorAssemblies:ProcessInitializeOnLoadAttributes (System.Type[]) (at /Users/bokken/buildslave/unity/build/Editor/Mono/EditorAssemblies.cs:114)

[Library/PackageCache/com.unity.probuilder@4.4.0/Editor/EditorCore/EditorUtility.cs line 593]

Invoked RoslynAnalysisRunner static constructor.
RoslynAnalysisRunner will not be running.
RoslynAnalysisRunner has terminated.
Mono: successfully reloaded assembly
- Completed reload, in  1.212 seconds
Platform modules already initialized, skipping
Refreshing native plugins compatible for Editor in 0.43 ms, found 1 plugins.
Preloading 0 native plugins for Editor in 0.00 ms.
Unloading 1578 Unused Serialized files (Serialized files now loaded: 0)
System memory in use before: 151.1 MB.
System memory in use after: 150.7 MB.

Unloading 10 unused Assets to reduce memory usage. Loaded Objects now: 2079.
Total: 3.748598 ms (FindLiveObjects: 0.251326 ms CreateObjectMapping: 0.124296 ms MarkObjects: 2.495232 ms  DeleteObjects: 0.875807 ms)

========================================================================
Received Import Request.
  Time since last request: 764.051806 seconds.
  path: Assets/Scripts/EnemyAI.cs
  artifactKey: Guid(a5a2d4672f6dd45f2ba4f702d3d878e4) Importer(815301076,1909f56bfc062723c751e8b465ee728b)
Start importing Assets/Scripts/EnemyAI.cs using Guid(a5a2d4672f6dd45f2ba4f702d3d878e4) Importer(815301076,1909f56bfc062723c751e8b465ee728b)  -> (artifact id: 'ea981c534b3625bccc1bf2f7599b4805') in 0.007001 seconds
  Import took 0.012050 seconds .

========================================================================
Received Prepare
Registering precompiled user dll's ...
Registered in 0.000604 seconds.
Begin MonoManager ReloadAssembly
Native extension for OSXStandalone target not found
Refreshing native plugins compatible for Editor in 0.40 ms, found 1 plugins.
Preloading 0 native plugins for Editor in 0.00 ms.
Warning: Annotation not found!
UnityEngine.StackTraceUtility:ExtractStackTrace () (at /Users/bokken/buildslave/unity/build/Runtime/Export/Scripting/StackTrace.cs:37)
UnityEditor.ProBuilder.EditorUtility:SetGizmoIconEnabled (System.Type,bool) (at Library/PackageCache/com.unity.probuilder@4.4.0/Editor/EditorCore/EditorUtility.cs:593)
UnityEditor.ProBuilder.HierarchyListener:.cctor () (at Library/PackageCache/com.unity.probuilder@4.4.0/Editor/EditorCore/HierarchyListener.cs:21)
System.Runtime.CompilerServices.RuntimeHelpers:RunClassConstructor (System.RuntimeTypeHandle)
UnityEditor.EditorAssemblies:ProcessInitializeOnLoadAttributes (System.Type[]) (at /Users/bokken/buildslave/unity/build/Editor/Mono/EditorAssemblies.cs:114)

[Library/PackageCache/com.unity.probuilder@4.4.0/Editor/EditorCore/EditorUtility.cs line 593]

Invoked RoslynAnalysisRunner static constructor.
RoslynAnalysisRunner will not be running.
RoslynAnalysisRunner has terminated.
Mono: successfully reloaded assembly
- Completed reload, in  1.106 seconds
Platform modules already initialized, skipping
Refreshing native plugins compatible for Editor in 0.45 ms, found 1 plugins.
Preloading 0 native plugins for Editor in 0.00 ms.
Unloading 1578 Unused Serialized files (Serialized files now loaded: 0)
System memory in use before: 151.3 MB.
System memory in use after: 150.9 MB.

Unloading 10 unused Assets to reduce memory usage. Loaded Objects now: 2081.
Total: 3.580325 ms (FindLiveObjects: 0.293753 ms CreateObjectMapping: 0.071361 ms MarkObjects: 2.396395 ms  DeleteObjects: 0.817116 ms)

========================================================================
Received Prepare
Registering precompiled user dll's ...
Registered in 0.000716 seconds.
Begin MonoManager ReloadAssembly
Native extension for OSXStandalone target not found
Refreshing native plugins compatible for Editor in 0.40 ms, found 1 plugins.
Preloading 0 native plugins for Editor in 0.00 ms.
Warning: Annotation not found!
UnityEngine.StackTraceUtility:ExtractStackTrace () (at /Users/bokken/buildslave/unity/build/Runtime/Export/Scripting/StackTrace.cs:37)
UnityEditor.ProBuilder.EditorUtility:SetGizmoIconEnabled (System.Type,bool) (at Library/PackageCache/com.unity.probuilder@4.4.0/Editor/EditorCore/EditorUtility.cs:593)
UnityEditor.ProBuilder.HierarchyListener:.cctor () (at Library/PackageCache/com.unity.probuilder@4.4.0/Editor/EditorCore/HierarchyListener.cs:21)
System.Runtime.CompilerServices.RuntimeHelpers:RunClassConstructor (System.RuntimeTypeHandle)
UnityEditor.EditorAssemblies:ProcessInitializeOnLoadAttributes (System.Type[]) (at /Users/bokken/buildslave/unity/build/Editor/Mono/EditorAssemblies.cs:114)

[Library/PackageCache/com.unity.probuilder@4.4.0/Editor/EditorCore/EditorUtility.cs line 593]

Invoked RoslynAnalysisRunner static constructor.
RoslynAnalysisRunner will not be running.
RoslynAnalysisRunner has terminated.
Mono: successfully reloaded assembly
- Completed reload, in  1.082 seconds
Platform modules already initialized, skipping
Refreshing native plugins compatible for Editor in 0.44 ms, found 1 plugins.
Preloading 0 native plugins for Editor in 0.00 ms.
Unloading 1578 Unused Serialized files (Serialized files now loaded: 0)
System memory in use before: 151.5 MB.
System memory in use after: 151.1 MB.

Unloading 10 unused Assets to reduce memory usage. Loaded Objects now: 2083.
Total: 3.647858 ms (FindLiveObjects: 0.249469 ms CreateObjectMapping: 0.070033 ms MarkObjects: 2.468065 ms  DeleteObjects: 0.858226 ms)

========================================================================
Received Import Request.
  Time since last request: 402.190365 seconds.
  path: Assets/Prefabs/Enemy.prefab
  artifactKey: Guid(935ecaa7543a746dd9b802914f658c9d) Importer(815301076,1909f56bfc062723c751e8b465ee728b)
Start importing Assets/Prefabs/Enemy.prefab using Guid(935ecaa7543a746dd9b802914f658c9d) Importer(815301076,1909f56bfc062723c751e8b465ee728b)  -> (artifact id: 'e7fbe73a0879bdccdb0847cfcd07843b') in 0.102315 seconds
  Import took 0.106645 seconds .

